<?xml version="1.0" encoding="UTF-8"?>
<!-- Generated by org.testng.reporters.JUnitXMLReporter -->
<testsuite hostname="Abc" name="Login" tests="1" failures="1" timestamp="15 May 2017 15:13:31 GMT" time="0.269" errors="0">
  <testcase name="validateLogin" time="0.216" classname="ExecutionEngine.Login">
    <failure type="java.lang.NoClassDefFoundError" message="org/openqa/selenium/remote/internal/CircularOutputStream">
      <![CDATA[java.lang.NoClassDefFoundError: org/openqa/selenium/remote/internal/CircularOutputStream
	at org.openqa.selenium.firefox.FirefoxBinary.<init>(FirefoxBinary.java:60)
	at org.openqa.selenium.firefox.FirefoxBinary.<init>(FirefoxBinary.java:56)
	at org.openqa.selenium.firefox.FirefoxDriver.<init>(FirefoxDriver.java:125)
	at ExecutionEngine.Login.validateLogin(Login.java:23)
Caused by: java.lang.ClassNotFoundException: org.openqa.selenium.remote.internal.CircularOutputStream
	at java.net.URLClassLoader.findClass(Unknown Source)
	at java.lang.ClassLoader.loadClass(Unknown Source)
	at sun.misc.Launcher$AppClassLoader.loadClass(Unknown Source)
	at java.lang.ClassLoader.loadClass(Unknown Source)
	... 28 more
... Removed 24 stack frames]]>
    </failure>
  </testcase> <!-- validateLogin -->
</testsuite> <!-- Login -->
