<?xml version="1.0" encoding="UTF-8"?>
<testng-results skipped="0" failed="0" total="1" passed="1">
  <reporter-output>
  </reporter-output>
  <suite name="Default suite" duration-ms="31093" started-at="2017-05-15T16:10:54Z" finished-at="2017-05-15T16:11:25Z">
    <groups>
    </groups>
    <test name="Default test" duration-ms="31093" started-at="2017-05-15T16:10:54Z" finished-at="2017-05-15T16:11:25Z">
      <class name="ExecutionEngine.Login">
        <test-method status="PASS" signature="validateLogin()[pri:0, instance:ExecutionEngine.Login@18ceff1]" name="validateLogin" duration-ms="31044" started-at="2017-05-15T09:10:54Z" finished-at="2017-05-15T09:11:25Z">
          <reporter-output>
          </reporter-output>
        </test-method> <!-- validateLogin -->
      </class> <!-- ExecutionEngine.Login -->
    </test> <!-- Default test -->
  </suite> <!-- Default suite -->
</testng-results>
